[16-Nov-2025 01:07:45 America/Mexico_City] PHP Deprecated:  Function strftime() is deprecated in C:\xampp\htdocs\laboratorio-clinico\views\dashboard\index.php on line 255
[16-Nov-2025 01:08:21 America/Mexico_City] PHP Fatal error:  Uncaught Error: Call to undefined method PacienteController::requireAuth() in C:\xampp\htdocs\laboratorio-clinico\controllers\PacienteController.php:23
Stack trace:
#0 C:\xampp\htdocs\laboratorio-clinico\public\index.php(151): PacienteController->index()
#1 {main}
  thrown in C:\xampp\htdocs\laboratorio-clinico\controllers\PacienteController.php on line 23
[16-Nov-2025 01:08:24 America/Mexico_City] PHP Fatal error:  Uncaught Error: Call to undefined method OrdenController::requireAuth() in C:\xampp\htdocs\laboratorio-clinico\controllers\OrdenController.php:29
Stack trace:
#0 C:\xampp\htdocs\laboratorio-clinico\public\index.php(151): OrdenController->index()
#1 {main}
  thrown in C:\xampp\htdocs\laboratorio-clinico\controllers\OrdenController.php on line 29
[16-Nov-2025 01:08:28 America/Mexico_City] PHP Fatal error:  Uncaught Error: Call to undefined method ResultadoController::requireAuth() in C:\xampp\htdocs\laboratorio-clinico\controllers\ResultadoController.php:29
Stack trace:
#0 C:\xampp\htdocs\laboratorio-clinico\public\index.php(151): ResultadoController->index()
#1 {main}
  thrown in C:\xampp\htdocs\laboratorio-clinico\controllers\ResultadoController.php on line 29
[16-Nov-2025 01:08:32 America/Mexico_City] Error al registrar auditoría: SQLSTATE[42S22]: Column not found: 1054 Unknown column 'descripcion' in 'INSERT INTO'
[16-Nov-2025 01:08:41 America/Mexico_City] Error al registrar auditoría: SQLSTATE[42S22]: Column not found: 1054 Unknown column 'descripcion' in 'INSERT INTO'
[16-Nov-2025 01:08:41 America/Mexico_City] PHP Deprecated:  Function strftime() is deprecated in C:\xampp\htdocs\laboratorio-clinico\views\dashboard\index.php on line 255
[16-Nov-2025 01:08:44 America/Mexico_City] PHP Fatal error:  Uncaught Error: Call to undefined method OrdenController::requireAuth() in C:\xampp\htdocs\laboratorio-clinico\controllers\OrdenController.php:58
Stack trace:
#0 C:\xampp\htdocs\laboratorio-clinico\public\index.php(151): OrdenController->crear()
#1 {main}
  thrown in C:\xampp\htdocs\laboratorio-clinico\controllers\OrdenController.php on line 58
[16-Nov-2025 01:08:48 America/Mexico_City] PHP Fatal error:  Uncaught Error: Call to undefined method PacienteController::requireAuth() in C:\xampp\htdocs\laboratorio-clinico\controllers\PacienteController.php:43
Stack trace:
#0 C:\xampp\htdocs\laboratorio-clinico\public\index.php(151): PacienteController->crear()
#1 {main}
  thrown in C:\xampp\htdocs\laboratorio-clinico\controllers\PacienteController.php on line 43
[16-Nov-2025 01:08:52 America/Mexico_City] PHP Fatal error:  Uncaught Error: Call to undefined method ResultadoController::requireAuth() in C:\xampp\htdocs\laboratorio-clinico\controllers\ResultadoController.php:53
Stack trace:
#0 C:\xampp\htdocs\laboratorio-clinico\public\index.php(151): ResultadoController->capturar()
#1 {main}
  thrown in C:\xampp\htdocs\laboratorio-clinico\controllers\ResultadoController.php on line 53
[16-Nov-2025 01:08:55 America/Mexico_City] PHP Fatal error:  Uncaught Error: Call to undefined method PagoController::requireAuth() in C:\xampp\htdocs\laboratorio-clinico\controllers\PagoController.php:26
Stack trace:
#0 C:\xampp\htdocs\laboratorio-clinico\public\index.php(151): PagoController->registrar()
#1 {main}
  thrown in C:\xampp\htdocs\laboratorio-clinico\controllers\PagoController.php on line 26
[16-Nov-2025 01:21:32 America/Mexico_City] PHP Deprecated:  Function strftime() is deprecated in C:\xampp\htdocs\laboratorio-clinico\views\dashboard\index.php on line 255
[16-Nov-2025 01:21:34 America/Mexico_City] PHP Fatal error:  Uncaught Error: Class "Paciente" not found in C:\xampp\htdocs\laboratorio-clinico\controllers\PacienteController.php:17
Stack trace:
#0 C:\xampp\htdocs\laboratorio-clinico\public\index.php(148): PacienteController->__construct()
#1 {main}
  thrown in C:\xampp\htdocs\laboratorio-clinico\controllers\PacienteController.php on line 17
[16-Nov-2025 01:22:23 America/Mexico_City] PHP Deprecated:  Function strftime() is deprecated in C:\xampp\htdocs\laboratorio-clinico\views\dashboard\index.php on line 255
[16-Nov-2025 01:22:27 America/Mexico_City] PHP Fatal error:  Uncaught Error: Class "Paciente" not found in C:\xampp\htdocs\laboratorio-clinico\controllers\PacienteController.php:17
Stack trace:
#0 C:\xampp\htdocs\laboratorio-clinico\public\index.php(148): PacienteController->__construct()
#1 {main}
  thrown in C:\xampp\htdocs\laboratorio-clinico\controllers\PacienteController.php on line 17
[16-Nov-2025 01:26:57 America/Mexico_City] PHP Deprecated:  Function strftime() is deprecated in C:\xampp\htdocs\laboratorio-clinico\views\dashboard\index.php on line 255
[16-Nov-2025 01:26:59 America/Mexico_City] PHP Fatal error:  Uncaught Error: Class "Paciente" not found in C:\xampp\htdocs\laboratorio-clinico\controllers\PacienteController.php:17
Stack trace:
#0 C:\xampp\htdocs\laboratorio-clinico\public\index.php(148): PacienteController->__construct()
#1 {main}
  thrown in C:\xampp\htdocs\laboratorio-clinico\controllers\PacienteController.php on line 17
[16-Nov-2025 01:29:14 America/Mexico_City] PHP Deprecated:  Function strftime() is deprecated in C:\xampp\htdocs\laboratorio-clinico\views\dashboard\index.php on line 255
[16-Nov-2025 01:29:16 America/Mexico_City] PHP Deprecated:  Function strftime() is deprecated in C:\xampp\htdocs\laboratorio-clinico\views\dashboard\index.php on line 255
[16-Nov-2025 01:30:00 America/Mexico_City] PHP Fatal error:  Uncaught Error: Call to undefined method OrdenController::requireAuth() in C:\xampp\htdocs\laboratorio-clinico\controllers\OrdenController.php:29
Stack trace:
#0 C:\xampp\htdocs\laboratorio-clinico\public\index.php(151): OrdenController->index()
#1 {main}
  thrown in C:\xampp\htdocs\laboratorio-clinico\controllers\OrdenController.php on line 29
[16-Nov-2025 01:46:28 America/Mexico_City] PHP Deprecated:  Function strftime() is deprecated in C:\xampp\htdocs\laboratorio-clinico\views\dashboard\index.php on line 255
[16-Nov-2025 01:46:29 America/Mexico_City] PHP Deprecated:  Function strftime() is deprecated in C:\xampp\htdocs\laboratorio-clinico\views\dashboard\index.php on line 255
[16-Nov-2025 01:46:30 America/Mexico_City] PHP Deprecated:  Function strftime() is deprecated in C:\xampp\htdocs\laboratorio-clinico\views\dashboard\index.php on line 255
[16-Nov-2025 01:46:31 America/Mexico_City] PHP Deprecated:  Function strftime() is deprecated in C:\xampp\htdocs\laboratorio-clinico\views\dashboard\index.php on line 255
[16-Nov-2025 01:46:34 America/Mexico_City] PHP Deprecated:  Function strftime() is deprecated in C:\xampp\htdocs\laboratorio-clinico\views\dashboard\index.php on line 255
[16-Nov-2025 01:46:35 America/Mexico_City] PHP Deprecated:  Function strftime() is deprecated in C:\xampp\htdocs\laboratorio-clinico\views\dashboard\index.php on line 255
[16-Nov-2025 01:52:02 America/Mexico_City] PHP Deprecated:  Function strftime() is deprecated in C:\xampp\htdocs\laboratorio-clinico\views\dashboard\index.php on line 255
[16-Nov-2025 01:53:11 America/Mexico_City] PHP Warning:  Undefined variable $dynamicRoutes in C:\xampp\htdocs\laboratorio-clinico\public\index.php on line 176
[16-Nov-2025 01:53:11 America/Mexico_City] PHP Warning:  foreach() argument must be of type array|object, null given in C:\xampp\htdocs\laboratorio-clinico\public\index.php on line 176
